Watching for file changes with StatReloader
Not Found: /
"GET / HTTP/1.1" 404 2457
Not Found: /favicon.ico
"GET /favicon.ico HTTP/1.1" 404 2508
"GET /admin/ HTTP/1.1" 302 0
"GET /admin/login/?next=/admin/ HTTP/1.1" 200 4173
"GET /static/admin/css/dark_mode.css HTTP/1.1" 304 0
"GET /static/admin/css/base.css HTTP/1.1" 200 22120
"GET /static/admin/js/theme.js HTTP/1.1" 304 0
"GET /static/admin/css/nav_sidebar.css HTTP/1.1" 200 2810
"GET /static/admin/js/nav_sidebar.js HTTP/1.1" 304 0
"GET /static/admin/css/login.css HTTP/1.1" 200 951
"GET /static/admin/css/responsive.css HTTP/1.1" 200 16565
"POST /admin/login/?next=/admin/ HTTP/1.1" 200 4343
"POST /admin/login/?next=/admin/ HTTP/1.1" 200 4341
"GET /core/ HTTP/1.1" 200 121
Not Found: /users/
"GET /users/ HTTP/1.1" 404 2614
"GET /users/register/ HTTP/1.1" 200 1058
"POST /users/register/ HTTP/1.1" 200 1285
"POST /users/register/ HTTP/1.1" 302 0
"GET /users/register/ HTTP/1.1" 200 1058
"POST /users/register/ HTTP/1.1" 302 0
"GET /users/register/ HTTP/1.1" 200 1058
"POST /users/register/ HTTP/1.1" 302 0
"GET /users/register/ HTTP/1.1" 200 1058
Not Found: /users/
"GET /users/ HTTP/1.1" 404 2614
"GET /core/ HTTP/1.1" 200 121
"GET /admin/ HTTP/1.1" 302 0
"GET /admin/login/?next=/admin/ HTTP/1.1" 200 4173
"POST /admin/login/?next=/admin/ HTTP/1.1" 200 4342
"POST /admin/login/?next=/admin/ HTTP/1.1" 200 4342
"POST /admin/login/?next=/admin/ HTTP/1.1" 200 4342
"POST /admin/login/?next=/admin/ HTTP/1.1" 200 4342
"POST /admin/login/?next=/admin/ HTTP/1.1" 200 4341
Not Found: /
"GET / HTTP/1.1" 404 2457
Not Found: /users/
"GET /users/ HTTP/1.1" 404 2614
"GET /users/register/ HTTP/1.1" 200 1058
"POST /users/register/ HTTP/1.1" 200 1249
"POST /users/register/ HTTP/1.1" 302 0
"GET /users/register/ HTTP/1.1" 200 1058
"POST /admin/login/?next=/admin/ HTTP/1.1" 200 4343
"GET /admin/ HTTP/1.1" 302 0
"GET /admin/login/?next=/admin/ HTTP/1.1" 200 4173
"POST /admin/login/?next=/admin/ HTTP/1.1" 200 4343
Watching for file changes with StatReloader
"POST /admin/login/?next=/admin/ HTTP/1.1" 302 0
"GET /admin/ HTTP/1.1" 200 6608
"GET /static/admin/css/dashboard.css HTTP/1.1" 304 0
"GET /static/admin/img/icon-addlink.svg HTTP/1.1" 200 331
"GET /static/admin/img/icon-changelink.svg HTTP/1.1" 200 380
"GET /admin/core/custommodel/add/ HTTP/1.1" 200 11915
"GET /static/admin/js/inlines.js HTTP/1.1" 200 15628
"GET /static/admin/css/forms.css HTTP/1.1" 304 0
"GET /static/admin/js/vendor/jquery/jquery.js HTTP/1.1" 304 0
"GET /static/admin/js/jquery.init.js HTTP/1.1" 304 0
"GET /admin/jsi18n/ HTTP/1.1" 200 3342
"GET /static/admin/js/core.js HTTP/1.1" 304 0
"GET /static/admin/js/admin/RelatedObjectLookups.js HTTP/1.1" 304 0
"GET /static/admin/js/actions.js HTTP/1.1" 304 0
"GET /static/admin/js/change_form.js HTTP/1.1" 200 606
"GET /static/admin/js/urlify.js HTTP/1.1" 304 0
"GET /static/admin/js/prepopulate.js HTTP/1.1" 304 0
"GET /static/admin/js/vendor/xregexp/xregexp.js HTTP/1.1" 304 0
"GET /static/admin/js/prepopulate_init.js HTTP/1.1" 304 0
"GET /static/admin/css/widgets.css HTTP/1.1" 304 0
"GET /static/admin/img/inline-delete.svg HTTP/1.1" 200 537
Watching for file changes with StatReloader
"GET /admin/login/ HTTP/1.1" 200 4160
Forbidden (CSRF token missing.): /admin/login/
"POST /admin/login/?next=/admin/ HTTP/1.1" 403 2491
Not Found: /
"GET / HTTP/1.1" 404 2457
Not Found: /core/api/custommodel/
"GET /core/api/custommodel/ HTTP/1.1" 404 2646
Forbidden (CSRF cookie not set.): /users/register/
"POST /users/register/ HTTP/1.1" 403 2855
Not Found: /
"GET / HTTP/1.1" 404 2457
"GET /admin/login/ HTTP/1.1" 200 4160
Forbidden (CSRF token missing.): /admin/login/
"POST /admin/login/?next=/admin/ HTTP/1.1" 403 2491
Not Found: /
"GET / HTTP/1.1" 404 2457
Not Found: /core/api/custommodel/
"GET /core/api/custommodel/ HTTP/1.1" 404 2646
Forbidden (CSRF cookie not set.): /users/register/
"POST /users/register/ HTTP/1.1" 403 2855
Not Found: /
"GET / HTTP/1.1" 404 2457
"GET /admin/login/ HTTP/1.1" 200 4160
Forbidden (CSRF token missing.): /admin/login/
"POST /admin/login/?next=/admin/ HTTP/1.1" 403 2491
Not Found: /
"GET / HTTP/1.1" 404 2457
Not Found: /core/api/custommodel/
"GET /core/api/custommodel/ HTTP/1.1" 404 2646
Forbidden (CSRF cookie not set.): /users/register/
"POST /users/register/ HTTP/1.1" 403 2855
Not Found: /
"GET / HTTP/1.1" 404 2457
Watching for file changes with StatReloader
"GET /admin/login/ HTTP/1.1" 200 4160
Forbidden (CSRF token missing.): /admin/login/
"POST /admin/login/?next=/admin/ HTTP/1.1" 403 2491
"GET /admin/login/ HTTP/1.1" 200 4160
Forbidden (CSRF token missing.): /admin/login/
"POST /admin/login/?next=/admin/ HTTP/1.1" 403 2491
Watching for file changes with StatReloader
Watching for file changes with StatReloader
"GET /admin/login/ HTTP/1.1" 200 4160
Forbidden (CSRF token missing.): /admin/login/
"POST /admin/login/?next=/admin/ HTTP/1.1" 403 2491
"GET /admin/login/ HTTP/1.1" 200 4160
Forbidden (CSRF token missing.): /admin/login/
"POST /admin/login/?next=/admin/ HTTP/1.1" 403 2491
Watching for file changes with StatReloader
Not Found: /
"GET / HTTP/1.1" 404 2457
Watching for file changes with StatReloader
"GET /admin/login/ HTTP/1.1" 200 4160
Forbidden (CSRF token missing.): /admin/login/
"POST /admin/login/?next=/admin/ HTTP/1.1" 403 2491
Watching for file changes with StatReloader
"GET /admin/login/ HTTP/1.1" 200 4160
Forbidden (CSRF token missing.): /admin/login/
"POST /admin/login/?next=/admin/ HTTP/1.1" 403 2491
Watching for file changes with StatReloader
"GET /admin/login/ HTTP/1.1" 200 4160
Forbidden (CSRF token missing.): /admin/login/
"POST /admin/login/?next=/admin/ HTTP/1.1" 403 2491
Watching for file changes with StatReloader
"GET /admin/login/ HTTP/1.1" 200 4160
"POST /admin/login/?next=/admin/ HTTP/1.1" 302 0
"GET /admin/ HTTP/1.1" 200 6606
Watching for file changes with StatReloader
Not Found: /
"GET / HTTP/1.1" 404 2457
Not Found: /core/api/custommodel/
"GET /core/api/custommodel/ HTTP/1.1" 404 2646
Forbidden (CSRF cookie not set.): /users/register/
"POST /users/register/ HTTP/1.1" 403 2855
"GET /admin/login/ HTTP/1.1" 200 4160
"POST /admin/login/?next=/admin/ HTTP/1.1" 302 0
"GET /admin/ HTTP/1.1" 200 6606
Not Found: /
"GET / HTTP/1.1" 404 2457
Watching for file changes with StatReloader
"GET /core/ HTTP/1.1" 200 121
Not Found: /core/api/custommodel/
"GET /core/api/custommodel/ HTTP/1.1" 404 2646
Forbidden (CSRF cookie not set.): /users/register/
"POST /users/register/ HTTP/1.1" 403 2855
"GET /admin/login/ HTTP/1.1" 200 4160
"POST /admin/login/?next=/admin/ HTTP/1.1" 302 0
"GET /admin/ HTTP/1.1" 200 6606
Not Found: /
"GET / HTTP/1.1" 404 2457
Watching for file changes with StatReloader
Not Found: /core/api/custommodel/
"GET /core/api/custommodel/ HTTP/1.1" 404 2646
Watching for file changes with StatReloader
"GET /core/ HTTP/1.1" 200 121
Watching for file changes with StatReloader
"GET /core/ HTTP/1.1" 200 121
Watching for file changes with StatReloader
"GET /core/ HTTP/1.1" 200 121
Forbidden (CSRF cookie not set.): /users/register/
"POST /users/register/ HTTP/1.1" 403 2855
"GET /admin/login/ HTTP/1.1" 200 4160
"POST /admin/login/?next=/admin/ HTTP/1.1" 302 0
"GET /admin/ HTTP/1.1" 200 6606
"GET /core/ HTTP/1.1" 200 121
Not Found: /
"GET / HTTP/1.1" 404 2457
Watching for file changes with StatReloader
"GET /core/ HTTP/1.1" 200 121
"GET /users/register/ HTTP/1.1" 200 1058
"POST /users/register/ HTTP/1.1" 302 0
"GET /users/register/ HTTP/1.1" 200 1058
"GET /admin/login/ HTTP/1.1" 200 4160
"POST /admin/login/?next=/admin/ HTTP/1.1" 302 0
"GET /admin/ HTTP/1.1" 200 6606
"GET /core/ HTTP/1.1" 200 121
Not Found: /
"GET / HTTP/1.1" 404 2457
Watching for file changes with StatReloader
"GET /users/register/ HTTP/1.1" 200 1058
"POST /users/register/ HTTP/1.1" 200 1260
Watching for file changes with StatReloader
"GET /users/register/ HTTP/1.1" 200 1058
"POST /users/register/ HTTP/1.1" 200 1260
Watching for file changes with StatReloader
"GET /core/ HTTP/1.1" 200 121
"GET /users/register/ HTTP/1.1" 200 1058
"POST /users/register/ HTTP/1.1" 200 1260
"GET /admin/login/ HTTP/1.1" 200 4160
"POST /admin/login/?next=/admin/ HTTP/1.1" 302 0
"GET /admin/ HTTP/1.1" 200 6606
"GET /core/ HTTP/1.1" 200 121
Not Found: /
"GET / HTTP/1.1" 404 2457
Watching for file changes with StatReloader
"GET /core/ HTTP/1.1" 200 121
"GET /users/register/ HTTP/1.1" 200 1058
"POST /users/register/ HTTP/1.1" 200 1260
"GET /admin/login/ HTTP/1.1" 200 4160
"POST /admin/login/?next=/admin/ HTTP/1.1" 302 0
"GET /admin/ HTTP/1.1" 200 6606
"GET /core/ HTTP/1.1" 200 121
"GET /core/ HTTP/1.1" 200 121
Watching for file changes with StatReloader
"GET /core/ HTTP/1.1" 200 121
"GET /users/register/ HTTP/1.1" 200 1058
"POST /users/register/ HTTP/1.1" 200 1260
"GET /admin/login/ HTTP/1.1" 200 4160
"POST /admin/login/?next=/admin/ HTTP/1.1" 302 0
"GET /admin/ HTTP/1.1" 200 6606
"GET /core/ HTTP/1.1" 200 121
"GET /core/ HTTP/1.1" 200 121
Watching for file changes with StatReloader
"GET /core/ HTTP/1.1" 200 121
"GET /users/register/ HTTP/1.1" 200 1058
"POST /users/register/ HTTP/1.1" 200 1260
"GET /users/register/ HTTP/1.1" 200 1058
"POST /users/register/ HTTP/1.1" 200 1260
"POST /users/register/ HTTP/1.1" 200 1260
"GET /admin/login/ HTTP/1.1" 200 4160
"POST /admin/login/?next=/admin/ HTTP/1.1" 302 0
"GET /admin/ HTTP/1.1" 200 6606
"GET /core/ HTTP/1.1" 200 121
"GET /core/ HTTP/1.1" 200 121
Watching for file changes with StatReloader
"GET /core/ HTTP/1.1" 200 121
Not Found: /core/api/custommodel/
"POST /core/api/custommodel/ HTTP/1.1" 404 2647
"GET /users/register/ HTTP/1.1" 200 1058
"POST /users/register/ HTTP/1.1" 200 1260
"GET /users/register/ HTTP/1.1" 200 1058
"POST /users/register/ HTTP/1.1" 200 1260
"POST /users/register/ HTTP/1.1" 200 1260
"GET /admin/login/ HTTP/1.1" 200 4160
"POST /admin/login/?next=/admin/ HTTP/1.1" 302 0
"GET /admin/ HTTP/1.1" 200 6606
"GET /core/ HTTP/1.1" 200 121
Watching for file changes with StatReloader
"GET /core/ HTTP/1.1" 200 121
"GET /users/register/ HTTP/1.1" 200 1058
"POST /users/register/ HTTP/1.1" 200 1260
"GET /users/register/ HTTP/1.1" 200 1058
"POST /users/register/ HTTP/1.1" 200 1260
"POST /users/register/ HTTP/1.1" 200 1260
"GET /admin/login/ HTTP/1.1" 200 4160
"POST /admin/login/?next=/admin/ HTTP/1.1" 302 0
"GET /admin/ HTTP/1.1" 200 6606
"GET /core/ HTTP/1.1" 200 121
Not Found: /core/api/custommodel/
"POST /core/api/custommodel/ HTTP/1.1" 404 2647
"GET /core/ HTTP/1.1" 200 121
Watching for file changes with StatReloader
"GET /core/ HTTP/1.1" 200 121
"GET /users/register/ HTTP/1.1" 200 1058
"POST /users/register/ HTTP/1.1" 200 1260
"GET /users/register/ HTTP/1.1" 200 1058
"POST /users/register/ HTTP/1.1" 200 1260
"POST /users/register/ HTTP/1.1" 200 1260
"GET /admin/login/ HTTP/1.1" 200 4160
"POST /admin/login/?next=/admin/ HTTP/1.1" 302 0
"GET /admin/ HTTP/1.1" 200 6606
"GET /core/ HTTP/1.1" 200 121
Not Found: /core/api/custommodel/
"POST /core/api/custommodel/ HTTP/1.1" 404 2647
"GET /core/ HTTP/1.1" 200 121
Forbidden (CSRF cookie not set.): /core/
"POST /core/ HTTP/1.1" 403 2855
Watching for file changes with StatReloader
"GET /core/ HTTP/1.1" 200 121
"GET /users/register/ HTTP/1.1" 200 1058
"POST /users/register/ HTTP/1.1" 200 1260
"GET /users/register/ HTTP/1.1" 200 1058
"POST /users/register/ HTTP/1.1" 200 1260
"POST /users/register/ HTTP/1.1" 200 1260
"GET /admin/login/ HTTP/1.1" 200 4160
"POST /admin/login/?next=/admin/ HTTP/1.1" 302 0
"GET /admin/ HTTP/1.1" 200 6606
"GET /core/ HTTP/1.1" 200 121
"GET /core/ HTTP/1.1" 200 121
Not Found: /core/api/custommodel/
"POST /core/api/custommodel/ HTTP/1.1" 404 2647
"GET /core/ HTTP/1.1" 200 121
Forbidden (CSRF cookie not set.): /core/
"POST /core/ HTTP/1.1" 403 2855
Watching for file changes with StatReloader
"GET /users/register/ HTTP/1.1" 200 1058
"POST /users/register/ HTTP/1.1" 200 1260
"GET /users/register/ HTTP/1.1" 200 1058
"POST /users/register/ HTTP/1.1" 200 1260
"POST /users/register/ HTTP/1.1" 200 1260
"GET /admin/login/ HTTP/1.1" 200 4160
"POST /admin/login/?next=/admin/ HTTP/1.1" 302 0
"GET /admin/ HTTP/1.1" 200 6606
"GET /core/ HTTP/1.1" 200 121
"GET /core/ HTTP/1.1" 200 121
Not Found: /core/api/custommodel/
"POST /core/api/custommodel/ HTTP/1.1" 404 2647
"GET /core/ HTTP/1.1" 200 121
Forbidden (CSRF cookie not set.): /core/
"POST /core/ HTTP/1.1" 403 2855
Watching for file changes with StatReloader
"GET /core/ HTTP/1.1" 200 121
"GET /users/register/ HTTP/1.1" 200 1058
"POST /users/register/ HTTP/1.1" 200 1260
"GET /users/register/ HTTP/1.1" 200 1058
"POST /users/register/ HTTP/1.1" 200 1260
"POST /users/register/ HTTP/1.1" 200 1260
"GET /admin/login/ HTTP/1.1" 200 4160
"POST /admin/login/?next=/admin/ HTTP/1.1" 302 0
"GET /admin/ HTTP/1.1" 200 6606
"GET /core/ HTTP/1.1" 200 121
"GET /core/ HTTP/1.1" 200 121
Not Found: /core/api/custommodel/
"POST /core/api/custommodel/ HTTP/1.1" 404 2647
"GET /core/ HTTP/1.1" 200 121
Forbidden (CSRF cookie not set.): /core/
"POST /core/ HTTP/1.1" 403 2855
Watching for file changes with StatReloader
"GET /users/register/ HTTP/1.1" 200 1058
"POST /users/register/ HTTP/1.1" 200 1260
"GET /users/register/ HTTP/1.1" 200 1058
"POST /users/register/ HTTP/1.1" 200 1260
"POST /users/register/ HTTP/1.1" 200 1260
"GET /admin/login/ HTTP/1.1" 200 4160
"POST /admin/login/?next=/admin/ HTTP/1.1" 302 0
"GET /admin/ HTTP/1.1" 200 6606
"GET /core/ HTTP/1.1" 200 121
"GET /core/ HTTP/1.1" 200 121
"GET /core/ HTTP/1.1" 200 121
Not Found: /core/api/custommodel/
"POST /core/api/custommodel/ HTTP/1.1" 404 2647
"GET /core/ HTTP/1.1" 200 121
Forbidden (CSRF cookie not set.): /core/
"POST /core/ HTTP/1.1" 403 2855
Watching for file changes with StatReloader
"GET /users/register/ HTTP/1.1" 200 1058
"POST /users/register/ HTTP/1.1" 200 1260
"GET /users/register/ HTTP/1.1" 200 1058
"POST /users/register/ HTTP/1.1" 200 1260
"POST /users/register/ HTTP/1.1" 200 1260
"GET /admin/login/ HTTP/1.1" 200 4160
"POST /admin/login/?next=/admin/ HTTP/1.1" 302 0
"GET /admin/ HTTP/1.1" 200 6606
"GET /core/ HTTP/1.1" 200 121
"GET /core/ HTTP/1.1" 200 121
"GET /core/ HTTP/1.1" 200 121
Not Found: /core/api/custommodel/
"GET /core/api/custommodel/ HTTP/1.1" 404 2646
"GET /core/ HTTP/1.1" 200 121
Forbidden (CSRF cookie not set.): /core/
"POST /core/ HTTP/1.1" 403 2855
Watching for file changes with StatReloader
"GET /users/register/ HTTP/1.1" 200 1058
"POST /users/register/ HTTP/1.1" 200 1260
"GET /users/register/ HTTP/1.1" 200 1058
"POST /users/register/ HTTP/1.1" 200 1260
"POST /users/register/ HTTP/1.1" 200 1260
"GET /admin/login/ HTTP/1.1" 200 4160
"POST /admin/login/?next=/admin/ HTTP/1.1" 302 0
"GET /admin/ HTTP/1.1" 200 6606
"GET /core/ HTTP/1.1" 200 121
"GET /core/ HTTP/1.1" 200 121
"GET /core/ HTTP/1.1" 200 121
"GET /core/ HTTP/1.1" 200 121
Forbidden (CSRF cookie not set.): /core/
"POST /core/ HTTP/1.1" 403 2855
Watching for file changes with StatReloader
"GET /users/register/ HTTP/1.1" 200 1058
"POST /users/register/ HTTP/1.1" 200 1260
"GET /users/register/ HTTP/1.1" 200 1058
"POST /users/register/ HTTP/1.1" 200 1260
"POST /users/register/ HTTP/1.1" 200 1260
"GET /admin/login/ HTTP/1.1" 200 4160
"POST /admin/login/?next=/admin/ HTTP/1.1" 302 0
"GET /admin/ HTTP/1.1" 200 6606
"GET /core/ HTTP/1.1" 200 121
"GET /core/ HTTP/1.1" 200 121
"GET /core/ HTTP/1.1" 200 121
"GET /core/ HTTP/1.1" 200 121
"GET /core/ HTTP/1.1" 200 121
Watching for file changes with StatReloader
"GET /users/register/ HTTP/1.1" 200 1058
"POST /users/register/ HTTP/1.1" 200 1260
"GET /users/register/ HTTP/1.1" 200 1058
"POST /users/register/ HTTP/1.1" 200 1260
"POST /users/register/ HTTP/1.1" 200 1260
"GET /admin/login/ HTTP/1.1" 200 4160
"POST /admin/login/?next=/admin/ HTTP/1.1" 302 0
"GET /admin/ HTTP/1.1" 200 6606
"GET /core/ HTTP/1.1" 200 121
"GET /core/ HTTP/1.1" 200 121
"GET /core/ HTTP/1.1" 200 121
"GET /core/ HTTP/1.1" 200 121
Watching for file changes with StatReloader
Watching for file changes with StatReloader
/home/mtrykoz/PycharmProjects/PythonProject/PythonProCourse/Lesson_23/myproject/core/urls.py changed, reloading.
/home/mtrykoz/PycharmProjects/PythonProject/PythonProCourse/Lesson_23/myproject/core/urls.py changed, reloading.
Watching for file changes with StatReloader
Watching for file changes with StatReloader
Watching for file changes with StatReloader
Watching for file changes with StatReloader
"GET /users/register/ HTTP/1.1" 200 1058
"POST /users/register/ HTTP/1.1" 200 1260
"GET /users/register/ HTTP/1.1" 200 1058
"POST /users/register/ HTTP/1.1" 200 1260
"POST /users/register/ HTTP/1.1" 200 1260
"GET /admin/login/ HTTP/1.1" 200 4160
"POST /admin/login/?next=/admin/ HTTP/1.1" 302 0
"GET /admin/ HTTP/1.1" 200 6606
"GET /core/ HTTP/1.1" 200 121
"GET /core/ HTTP/1.1" 200 121
"GET /core/ HTTP/1.1" 200 121
"GET /core/ HTTP/1.1" 200 121
"POST /core/api/custommodel/ HTTP/1.1" 201 56
"GET /core/api/custommodel/ HTTP/1.1" 200 58
/home/mtrykoz/PycharmProjects/PythonProject/PythonProCourse/Lesson_23/myproject/users/urls.py changed, reloading.
Watching for file changes with StatReloader
Watching for file changes with StatReloader
"GET /users/register/ HTTP/1.1" 200 1058
"POST /users/register/ HTTP/1.1" 200 1260
"GET /users/register/ HTTP/1.1" 200 1058
"POST /users/register/ HTTP/1.1" 200 1260
"POST /users/register/ HTTP/1.1" 200 1260
"GET /admin/login/ HTTP/1.1" 200 4160
"POST /admin/login/?next=/admin/ HTTP/1.1" 302 0
"GET /admin/ HTTP/1.1" 200 6606
"GET /core/ HTTP/1.1" 200 121
"GET /core/ HTTP/1.1" 200 121
"GET /core/ HTTP/1.1" 200 121
"GET /core/ HTTP/1.1" 200 121
"POST /core/api/custommodel/ HTTP/1.1" 201 56
"GET /core/api/custommodel/ HTTP/1.1" 200 115
"GET /users/profile/ HTTP/1.1" 302 0
"GET /admin/login/ HTTP/1.1" 200 4160
"POST /admin/login/?next=/admin/ HTTP/1.1" 302 0
"GET /admin/ HTTP/1.1" 200 6606
"GET /users/profile/ HTTP/1.1" 200 58
Watching for file changes with StatReloader
"GET /core/ HTTP/1.1" 200 121
Not Found: /
"GET / HTTP/1.1" 404 2457
Not Found: /usrs/
"GET /usrs/ HTTP/1.1" 404 2490
Not Found: /users/
"GET /users/ HTTP/1.1" 404 2882
"GET /users/profile HTTP/1.1" 301 0
"GET /users/profile/ HTTP/1.1" 200 60
"GET /users/register/ HTTP/1.1" 200 1058
"POST /users/register/ HTTP/1.1" 200 1250
"POST /users/register/ HTTP/1.1" 302 0
"GET /users/register/ HTTP/1.1" 200 1058
"GET /users/profile/ HTTP/1.1" 200 60
"GET /admin/login/ HTTP/1.1" 200 4160
Forbidden (CSRF token missing.): /admin/login/
"POST /admin/login/?next=/admin/ HTTP/1.1" 403 2491
Not Found: /
"GET / HTTP/1.1" 404 2457
"GET /core/api/custommodel/ HTTP/1.1" 200 115
Forbidden (CSRF cookie not set.): /users/register/
"POST /users/register/ HTTP/1.1" 403 2855
Not Found: /
"GET / HTTP/1.1" 404 2457
Watching for file changes with StatReloader
"GET /users/register/ HTTP/1.1" 200 1058
"POST /users/register/ HTTP/1.1" 200 1260
"POST /users/register/ HTTP/1.1" 200 1260
Watching for file changes with StatReloader
"GET /users/register/ HTTP/1.1" 200 1058
"POST /users/register/ HTTP/1.1" 200 1260
"GET /users/register/ HTTP/1.1" 200 1058
"POST /users/register/ HTTP/1.1" 200 1260
"POST /users/register/ HTTP/1.1" 200 1260
"GET /admin/login/ HTTP/1.1" 200 4160
"POST /admin/login/?next=/admin/ HTTP/1.1" 302 0
"GET /admin/ HTTP/1.1" 200 6606
"GET /core/ HTTP/1.1" 200 121
"GET /core/ HTTP/1.1" 200 121
"GET /core/ HTTP/1.1" 200 121
"GET /core/ HTTP/1.1" 200 121
"POST /core/api/custommodel/ HTTP/1.1" 201 56
"GET /core/api/custommodel/ HTTP/1.1" 200 172
"GET /users/profile/ HTTP/1.1" 302 0
"GET /admin/login/ HTTP/1.1" 200 4160
"POST /admin/login/?next=/admin/ HTTP/1.1" 302 0
"GET /admin/ HTTP/1.1" 200 6606
"GET /users/profile/ HTTP/1.1" 200 58
/home/mtrykoz/PycharmProjects/PythonProject/PythonProCourse/Lesson_23/myproject/users/apps.py changed, reloading.
Watching for file changes with StatReloader
/home/mtrykoz/PycharmProjects/PythonProject/PythonProCourse/Lesson_23/myproject/core/admin.py changed, reloading.
Watching for file changes with StatReloader
Watching for file changes with StatReloader
"GET /users/register/ HTTP/1.1" 200 1034
"POST /users/register/ HTTP/1.1" 200 1236
"GET /users/register/ HTTP/1.1" 200 1034
"POST /users/register/ HTTP/1.1" 200 1236
"POST /users/register/ HTTP/1.1" 200 1236
"GET /admin/login/ HTTP/1.1" 200 4160
"POST /admin/login/?next=/admin/ HTTP/1.1" 302 0
"GET /admin/ HTTP/1.1" 200 6606
"GET /core/ HTTP/1.1" 200 117
"GET /core/ HTTP/1.1" 200 117
"GET /core/ HTTP/1.1" 200 117
"GET /core/ HTTP/1.1" 200 117
"POST /core/api/custommodel/ HTTP/1.1" 201 56
"GET /core/api/custommodel/ HTTP/1.1" 200 229
"GET /users/profile/ HTTP/1.1" 302 0
"GET /admin/login/ HTTP/1.1" 200 4160
"POST /admin/login/?next=/admin/ HTTP/1.1" 302 0
"GET /admin/ HTTP/1.1" 200 6606
"GET /users/profile/ HTTP/1.1" 200 58
/home/mtrykoz/PycharmProjects/PythonProject/PythonProCourse/Lesson_23/myproject/core/apps.py changed, reloading.
Watching for file changes with StatReloader
Watching for file changes with StatReloader
"GET /users/register/ HTTP/1.1" 200 1034
"POST /users/register/ HTTP/1.1" 200 1236
"GET /users/register/ HTTP/1.1" 200 1034
"POST /users/register/ HTTP/1.1" 200 1236
"POST /users/register/ HTTP/1.1" 200 1236
"GET /admin/login/ HTTP/1.1" 200 4160
"POST /admin/login/?next=/admin/ HTTP/1.1" 302 0
"GET /admin/ HTTP/1.1" 200 6606
"GET /core/ HTTP/1.1" 200 117
"GET /core/ HTTP/1.1" 200 117
"GET /core/ HTTP/1.1" 200 117
"GET /core/ HTTP/1.1" 200 117
"POST /core/api/custommodel/ HTTP/1.1" 201 56
"GET /core/api/custommodel/ HTTP/1.1" 200 286
"GET /users/profile/ HTTP/1.1" 302 0
"GET /admin/login/ HTTP/1.1" 200 4160
"POST /admin/login/?next=/admin/ HTTP/1.1" 302 0
"GET /admin/ HTTP/1.1" 200 6606
"GET /users/profile/ HTTP/1.1" 200 58
Watching for file changes with StatReloader
"GET /users/register/ HTTP/1.1" 200 1034
"POST /users/register/ HTTP/1.1" 200 1236
"GET /users/register/ HTTP/1.1" 200 1034
"POST /users/register/ HTTP/1.1" 200 1236
"POST /users/register/ HTTP/1.1" 200 1236
"GET /admin/login/ HTTP/1.1" 200 4160
"POST /admin/login/?next=/admin/ HTTP/1.1" 302 0
"GET /admin/ HTTP/1.1" 200 6606
"GET /core/ HTTP/1.1" 200 117
"GET /core/ HTTP/1.1" 200 117
"GET /core/ HTTP/1.1" 200 117
"GET /core/ HTTP/1.1" 200 117
"POST /core/api/custommodel/ HTTP/1.1" 201 56
"GET /core/api/custommodel/ HTTP/1.1" 200 343
"GET /users/profile/ HTTP/1.1" 302 0
"GET /admin/login/ HTTP/1.1" 200 4160
"POST /admin/login/?next=/admin/ HTTP/1.1" 302 0
"GET /admin/ HTTP/1.1" 200 6606
"GET /users/profile/ HTTP/1.1" 200 58
Watching for file changes with StatReloader
"GET /users/register/ HTTP/1.1" 200 1034
"POST /users/register/ HTTP/1.1" 200 1236
"GET /users/register/ HTTP/1.1" 200 1034
"POST /users/register/ HTTP/1.1" 200 1236
"POST /users/register/ HTTP/1.1" 200 1236
"GET /admin/login/ HTTP/1.1" 200 4160
"POST /admin/login/?next=/admin/ HTTP/1.1" 302 0
"GET /admin/ HTTP/1.1" 200 6606
"GET /core/ HTTP/1.1" 200 117
"GET /core/ HTTP/1.1" 200 117
"GET /core/ HTTP/1.1" 200 117
"GET /core/ HTTP/1.1" 200 117
"POST /core/api/custommodel/ HTTP/1.1" 201 56
"GET /core/api/custommodel/ HTTP/1.1" 200 400
"GET /users/profile/ HTTP/1.1" 302 0
"GET /admin/login/ HTTP/1.1" 200 4160
"POST /admin/login/?next=/admin/ HTTP/1.1" 302 0
"GET /admin/ HTTP/1.1" 200 6606
"GET /users/profile/ HTTP/1.1" 200 58
/home/mtrykoz/PycharmProjects/PythonProject/PythonProCourse/Lesson_23/myproject/core/models.py changed, reloading.
Watching for file changes with StatReloader
/home/mtrykoz/PycharmProjects/PythonProject/PythonProCourse/Lesson_23/myproject/core/models.py changed, reloading.
Watching for file changes with StatReloader
Watching for file changes with StatReloader
"GET /users/register/ HTTP/1.1" 200 1034
"POST /users/register/ HTTP/1.1" 200 1236
"GET /users/register/ HTTP/1.1" 200 1034
"POST /users/register/ HTTP/1.1" 200 1236
"POST /users/register/ HTTP/1.1" 200 1236
"GET /admin/login/ HTTP/1.1" 200 4160
"POST /admin/login/?next=/admin/ HTTP/1.1" 302 0
"GET /admin/ HTTP/1.1" 200 6606
"GET /core/ HTTP/1.1" 200 117
"GET /core/ HTTP/1.1" 200 117
"GET /core/ HTTP/1.1" 200 117
"GET /core/ HTTP/1.1" 200 117
"POST /core/api/custommodel/ HTTP/1.1" 201 56
"GET /core/api/custommodel/ HTTP/1.1" 200 457
"GET /users/profile/ HTTP/1.1" 302 0
"GET /admin/login/ HTTP/1.1" 200 4160
"POST /admin/login/?next=/admin/ HTTP/1.1" 302 0
"GET /admin/ HTTP/1.1" 200 6606
"GET /users/profile/ HTTP/1.1" 200 58
/home/mtrykoz/PycharmProjects/PythonProject/PythonProCourse/Lesson_23/myproject/core/serializers.py changed, reloading.
Watching for file changes with StatReloader
Watching for file changes with StatReloader
"GET /users/register/ HTTP/1.1" 200 1034
"POST /users/register/ HTTP/1.1" 200 1236
"GET /users/register/ HTTP/1.1" 200 1034
"POST /users/register/ HTTP/1.1" 200 1236
"POST /users/register/ HTTP/1.1" 200 1236
"GET /admin/login/ HTTP/1.1" 200 4160
"POST /admin/login/?next=/admin/ HTTP/1.1" 302 0
"GET /admin/ HTTP/1.1" 200 6606
"GET /core/ HTTP/1.1" 200 117
"GET /core/ HTTP/1.1" 200 117
"GET /core/ HTTP/1.1" 200 117
"GET /core/ HTTP/1.1" 200 117
"POST /core/api/custommodel/ HTTP/1.1" 201 56
"GET /core/api/custommodel/ HTTP/1.1" 200 514
"GET /users/profile/ HTTP/1.1" 302 0
"GET /admin/login/ HTTP/1.1" 200 4160
"POST /admin/login/?next=/admin/ HTTP/1.1" 302 0
"GET /admin/ HTTP/1.1" 200 6606
"GET /users/profile/ HTTP/1.1" 200 58
/home/mtrykoz/PycharmProjects/PythonProject/PythonProCourse/Lesson_23/myproject/core/admin.py changed, reloading.
Watching for file changes with StatReloader
Watching for file changes with StatReloader
"GET /users/register/ HTTP/1.1" 200 1034
"POST /users/register/ HTTP/1.1" 200 1236
"GET /users/register/ HTTP/1.1" 200 1034
"POST /users/register/ HTTP/1.1" 200 1236
"POST /users/register/ HTTP/1.1" 200 1236
"GET /admin/login/ HTTP/1.1" 200 4160
"POST /admin/login/?next=/admin/ HTTP/1.1" 302 0
"GET /admin/ HTTP/1.1" 200 6606
"GET /core/ HTTP/1.1" 200 117
"GET /core/ HTTP/1.1" 200 117
"GET /core/ HTTP/1.1" 200 117
"GET /core/ HTTP/1.1" 200 117
"POST /core/api/custommodel/ HTTP/1.1" 201 57
"GET /core/api/custommodel/ HTTP/1.1" 200 572
"GET /users/profile/ HTTP/1.1" 302 0
"GET /admin/login/ HTTP/1.1" 200 4160
"POST /admin/login/?next=/admin/ HTTP/1.1" 302 0
"GET /admin/ HTTP/1.1" 200 6606
"GET /users/profile/ HTTP/1.1" 200 58
Watching for file changes with StatReloader
"GET /users/register/ HTTP/1.1" 200 1034
"POST /users/register/ HTTP/1.1" 200 1236
"GET /users/register/ HTTP/1.1" 200 1034
"POST /users/register/ HTTP/1.1" 200 1236
"POST /users/register/ HTTP/1.1" 200 1236
"GET /admin/login/ HTTP/1.1" 200 4160
"POST /admin/login/?next=/admin/ HTTP/1.1" 302 0
"GET /admin/ HTTP/1.1" 200 6606
"GET /core/ HTTP/1.1" 200 117
"GET /core/ HTTP/1.1" 200 117
"GET /core/ HTTP/1.1" 200 117
"GET /core/ HTTP/1.1" 200 117
"POST /core/api/custommodel/ HTTP/1.1" 201 57
"GET /core/api/custommodel/ HTTP/1.1" 200 630
"GET /users/profile/ HTTP/1.1" 302 0
"GET /admin/login/ HTTP/1.1" 200 4160
"POST /admin/login/?next=/admin/ HTTP/1.1" 302 0
"GET /admin/ HTTP/1.1" 200 6606
"GET /users/profile/ HTTP/1.1" 200 58
Watching for file changes with StatReloader
"GET /users/register/ HTTP/1.1" 200 1034
"POST /users/register/ HTTP/1.1" 200 1236
"GET /users/register/ HTTP/1.1" 200 1034
"POST /users/register/ HTTP/1.1" 200 1236
"POST /users/register/ HTTP/1.1" 200 1236
"GET /admin/login/ HTTP/1.1" 200 4160
"POST /admin/login/?next=/admin/ HTTP/1.1" 302 0
"GET /admin/ HTTP/1.1" 200 6606
"GET /core/ HTTP/1.1" 200 117
"GET /core/ HTTP/1.1" 200 117
"GET /core/ HTTP/1.1" 200 117
"GET /core/ HTTP/1.1" 200 117
"POST /core/api/custommodel/ HTTP/1.1" 201 57
"GET /core/api/custommodel/ HTTP/1.1" 200 688
"GET /users/profile/ HTTP/1.1" 302 0
"GET /admin/login/ HTTP/1.1" 200 4160
"POST /admin/login/?next=/admin/ HTTP/1.1" 302 0
"GET /admin/ HTTP/1.1" 200 6606
"GET /users/profile/ HTTP/1.1" 200 58
Watching for file changes with StatReloader
"GET /users/register/ HTTP/1.1" 200 1034
"POST /users/register/ HTTP/1.1" 200 1236
"GET /users/register/ HTTP/1.1" 200 1034
"POST /users/register/ HTTP/1.1" 200 1236
"POST /users/register/ HTTP/1.1" 200 1236
"GET /admin/login/ HTTP/1.1" 200 4160
"POST /admin/login/?next=/admin/ HTTP/1.1" 302 0
"GET /admin/ HTTP/1.1" 200 6606
"GET /core/ HTTP/1.1" 200 117
"GET /core/ HTTP/1.1" 200 117
"GET /core/ HTTP/1.1" 200 117
"GET /core/ HTTP/1.1" 200 117
"POST /core/api/custommodel/ HTTP/1.1" 201 57
"GET /core/api/custommodel/ HTTP/1.1" 200 746
"GET /users/profile/ HTTP/1.1" 302 0
"GET /admin/login/ HTTP/1.1" 200 4160
"POST /admin/login/?next=/admin/ HTTP/1.1" 302 0
"GET /admin/ HTTP/1.1" 200 6606
"GET /users/profile/ HTTP/1.1" 200 58
Watching for file changes with StatReloader
"GET /users/register/ HTTP/1.1" 200 1034
"POST /users/register/ HTTP/1.1" 200 1236
"GET /users/register/ HTTP/1.1" 200 1034
"POST /users/register/ HTTP/1.1" 200 1236
"POST /users/register/ HTTP/1.1" 200 1236
"GET /admin/login/ HTTP/1.1" 200 4160
"POST /admin/login/?next=/admin/ HTTP/1.1" 302 0
"GET /admin/ HTTP/1.1" 200 6606
"GET /core/ HTTP/1.1" 200 117
"GET /core/ HTTP/1.1" 200 117
"GET /core/ HTTP/1.1" 200 117
"GET /core/ HTTP/1.1" 200 117
"POST /core/api/custommodel/ HTTP/1.1" 201 57
"GET /core/api/custommodel/ HTTP/1.1" 200 804
"GET /users/profile/ HTTP/1.1" 302 0
"GET /admin/login/ HTTP/1.1" 200 4160
"POST /admin/login/?next=/admin/ HTTP/1.1" 302 0
"GET /admin/ HTTP/1.1" 200 6606
"GET /users/profile/ HTTP/1.1" 200 58
